<?xml version="1.0" encoding="UTF-8"?>
<!-- Generated by org.testng.reporters.JUnitReportReporter -->
<testsuite skipped="0" hostname="ESLTP112" name="scripts.MyFirstTestNGTest" tests="1" failures="0" timestamp="07 Jul 2019 07:19:10 GMT" time="13.851" errors="0">
  <testcase name="loginTest" time="13.851" classname="scripts.MyFirstTestNGTest"/>
</testsuite> <!-- scripts.MyFirstTestNGTest -->
