<?xml version="1.0" encoding="UTF-8"?>
<!-- Generated by org.testng.reporters.JUnitReportReporter -->
<testsuite skipped="0" hostname="ESLTP112" name="scripts.AssingmentPracticForm" tests="1" failures="0" timestamp="20 Jul 2019 07:32:47 GMT" time="48.701" errors="0">
  <testcase name="test" time="48.701" classname="scripts.AssingmentPracticForm"/>
</testsuite> <!-- scripts.AssingmentPracticForm -->
