<?xml version="1.0" encoding="UTF-8"?>
<!-- Generated by org.testng.reporters.JUnitReportReporter -->
<testsuite skipped="0" hostname="ESLTP112" name="scripts.AnnaUnivTest" tests="1" failures="0" timestamp="04 Aug 2019 08:23:54 GMT" time="74.114" errors="0">
  <testcase name="test" time="74.114" classname="scripts.AnnaUnivTest"/>
</testsuite> <!-- scripts.AnnaUnivTest -->
