<?xml version="1.0" encoding="UTF-8"?>
<!-- Generated by org.testng.reporters.JUnitReportReporter -->
<testsuite skipped="0" hostname="ESLTP112" name="scripts.LoginGmailPage" tests="1" failures="0" timestamp="17 Jul 2019 07:01:05 GMT" time="12.477" errors="0">
  <testcase name="LoginGmailAccount" time="12.477" classname="scripts.LoginGmailPage"/>
</testsuite> <!-- scripts.LoginGmailPage -->
