<?xml version="1.0" encoding="UTF-8"?>
<!-- Generated by org.testng.reporters.JUnitReportReporter -->
<testsuite skipped="0" hostname="ESLTP112" name="scripts.WaitsInWebDriver" tests="1" failures="0" timestamp="21 Jul 2019 09:08:08 GMT" time="16.709" errors="0">
  <testcase name="waitTest" time="16.709" classname="scripts.WaitsInWebDriver"/>
</testsuite> <!-- scripts.WaitsInWebDriver -->
