<?xml version="1.0" encoding="UTF-8"?>
<!-- Generated by org.testng.reporters.JUnitReportReporter -->
<testsuite skipped="0" hostname="ESLTP112" name="scripts.AssingmentPracticForm" tests="1" failures="0" timestamp="17 Jul 2019 15:27:06 GMT" time="42.476" errors="0">
  <testcase name="test" time="42.476" classname="scripts.AssingmentPracticForm"/>
</testsuite> <!-- scripts.AssingmentPracticForm -->
