<?xml version="1.0" encoding="UTF-8"?>
<!-- Generated by org.testng.reporters.JUnitReportReporter -->
<testsuite skipped="0" hostname="ESLTP112" name="scripts.AssingmentBrowserComands" tests="1" failures="0" timestamp="17 Jul 2019 11:08:55 GMT" time="55.633" errors="0">
  <testcase name="webbrowsercommand" time="55.633" classname="scripts.AssingmentBrowserComands"/>
</testsuite> <!-- scripts.AssingmentBrowserComands -->
