<?xml version="1.0" encoding="UTF-8"?>
<!-- Generated by org.testng.reporters.JUnitReportReporter -->
<testsuite skipped="0" hostname="ESLTP112" name="scripts.PrintGoogleLinkName" tests="1" failures="0" timestamp="13 Jul 2019 09:35:12 GMT" time="15.967" errors="0">
  <testcase name="testgooglelink" time="15.967" classname="scripts.PrintGoogleLinkName"/>
</testsuite> <!-- scripts.PrintGoogleLinkName -->
