<?xml version="1.0" encoding="UTF-8"?>
<!-- Generated by org.testng.reporters.JUnitReportReporter -->
<testsuite skipped="0" hostname="ESLTP112" name="scripts.AlertTests" tests="1" failures="0" timestamp="21 Jul 2019 04:04:09 GMT" time="14.824" errors="0">
  <testcase name="alertTestsOkCancelAndSendkeys" time="14.824" classname="scripts.AlertTests"/>
</testsuite> <!-- scripts.AlertTests -->
