<?xml version="1.0" encoding="UTF-8"?>
<!-- Generated by org.testng.reporters.JUnitReportReporter -->
<testsuite skipped="0" hostname="ESLTP112" name="scripts.MyFirstTestNGTest" tests="1" failures="0" timestamp="08 Jul 2019 07:03:50 GMT" time="10.718" errors="0">
  <testcase name="loginTest" time="10.718" classname="scripts.MyFirstTestNGTest"/>
</testsuite> <!-- scripts.MyFirstTestNGTest -->
