<?xml version="1.0" encoding="UTF-8"?>
<!-- Generated by org.testng.reporters.JUnitReportReporter -->
<testsuite skipped="0" hostname="ESLTP112" name="scripts.AssingmentAlert" tests="1" failures="0" timestamp="21 Jul 2019 07:12:13 GMT" time="18.892" errors="0">
  <testcase name="alertTests" time="18.892" classname="scripts.AssingmentAlert"/>
</testsuite> <!-- scripts.AssingmentAlert -->
