<?xml version="1.0" encoding="UTF-8"?>
<!-- Generated by org.testng.reporters.JUnitReportReporter -->
<testsuite skipped="0" hostname="ESLTP112" name="scripts.BrowserComands" tests="1" failures="0" timestamp="17 Jul 2019 09:30:29 GMT" time="39.622" errors="0">
  <testcase name="webbrowsercommand" time="39.622" classname="scripts.BrowserComands"/>
</testsuite> <!-- scripts.BrowserComands -->
