<?xml version="1.0" encoding="UTF-8"?>
<!-- Generated by org.testng.reporters.JUnitReportReporter -->
<testsuite skipped="0" hostname="ESLTP112" name="scripts.AssingmentMailSent" tests="1" failures="0" timestamp="17 Jul 2019 17:41:21 GMT" time="57.416" errors="0">
  <testcase name="test" time="57.416" classname="scripts.AssingmentMailSent"/>
</testsuite> <!-- scripts.AssingmentMailSent -->
