<?xml version="1.0" encoding="UTF-8"?>
<!-- Generated by org.testng.reporters.JUnitReportReporter -->
<testsuite skipped="0" hostname="ESLTP112" name="scripts.PrintGoogleLinkName" tests="1" failures="0" timestamp="14 Jul 2019 07:02:54 GMT" time="16.133" errors="0">
  <testcase name="testgooglelink" time="16.133" classname="scripts.PrintGoogleLinkName"/>
</testsuite> <!-- scripts.PrintGoogleLinkName -->
