<?xml version="1.0" encoding="UTF-8"?>
<!-- Generated by org.testng.reporters.JUnitReportReporter -->
<testsuite skipped="0" hostname="ESLTP112" name="scripts.AssingmentReDoGmailLogin" tests="1" failures="0" timestamp="18 Jul 2019 11:26:13 GMT" time="50.176" errors="0">
  <testcase name="LoginGmailAccount" time="50.176" classname="scripts.AssingmentReDoGmailLogin"/>
</testsuite> <!-- scripts.AssingmentReDoGmailLogin -->
