<?xml version="1.0" encoding="UTF-8"?>
<!-- Generated by org.testng.reporters.JUnitReportReporter -->
<testsuite skipped="0" hostname="ESLTP112" name="scripts.AssingmentMailSent" tests="1" failures="0" timestamp="20 Jul 2019 04:09:35 GMT" time="45.363" errors="0">
  <testcase name="test" time="45.363" classname="scripts.AssingmentMailSent"/>
</testsuite> <!-- scripts.AssingmentMailSent -->
