<?xml version="1.0" encoding="UTF-8"?>
<!-- Generated by org.testng.reporters.JUnitReportReporter -->
<testsuite skipped="0" hostname="ESLTP112" name="scripts.LoginGmailAccount" tests="1" failures="0" timestamp="13 Jul 2019 13:26:18 GMT" time="16.280" errors="0">
  <testcase name="LoginGmail" time="16.280" classname="scripts.LoginGmailAccount"/>
</testsuite> <!-- scripts.LoginGmailAccount -->
